16:23:54.453 INFO  o.s.b.t.c.SpringBootTestContextBootstrapper - Neither @ContextConfiguration nor @ContextHierarchy found for test class [com.happytech.Electrostore.service.ServiceImpl.CategoryServiceImplTest], using SpringBootContextLoader
16:23:54.554 INFO  o.s.t.c.s.AbstractContextLoader - Could not detect default resource locations for test class [com.happytech.Electrostore.service.ServiceImpl.CategoryServiceImplTest]: no resource found for suffixes {-context.xml, Context.groovy}.
16:23:54.557 INFO  o.s.t.c.s.AnnotationConfigContextLoaderUtils - Could not detect default configuration classes for test class [com.happytech.Electrostore.service.ServiceImpl.CategoryServiceImplTest]: CategoryServiceImplTest does not declare any static, non-private, non-final, nested classes annotated with @Configuration.
16:23:54.785 INFO  o.s.b.t.c.SpringBootTestContextBootstrapper - Found @SpringBootConfiguration com.happytech.Electrostore.ElectrostoreApplication for test class com.happytech.Electrostore.service.ServiceImpl.CategoryServiceImplTest
16:23:55.019 INFO  o.s.b.t.c.SpringBootTestContextBootstrapper - Loaded default TestExecutionListener class names from location [META-INF/spring.factories]: [org.springframework.boot.test.mock.mockito.MockitoTestExecutionListener, org.springframework.boot.test.mock.mockito.ResetMocksTestExecutionListener, org.springframework.boot.test.autoconfigure.restdocs.RestDocsTestExecutionListener, org.springframework.boot.test.autoconfigure.web.client.MockRestServiceServerResetTestExecutionListener, org.springframework.boot.test.autoconfigure.web.servlet.MockMvcPrintOnlyOnFailureTestExecutionListener, org.springframework.boot.test.autoconfigure.web.servlet.WebDriverTestExecutionListener, org.springframework.boot.test.autoconfigure.webservices.client.MockWebServiceServerTestExecutionListener, org.springframework.test.context.web.ServletTestExecutionListener, org.springframework.test.context.support.DirtiesContextBeforeModesTestExecutionListener, org.springframework.test.context.event.ApplicationEventsTestExecutionListener, org.springframework.test.context.support.DependencyInjectionTestExecutionListener, org.springframework.test.context.support.DirtiesContextTestExecutionListener, org.springframework.test.context.transaction.TransactionalTestExecutionListener, org.springframework.test.context.jdbc.SqlScriptsTestExecutionListener, org.springframework.test.context.event.EventPublishingTestExecutionListener]
16:23:55.047 INFO  o.s.b.t.c.SpringBootTestContextBootstrapper - Using TestExecutionListeners: [org.springframework.test.context.web.ServletTestExecutionListener@293a5f75, org.springframework.test.context.support.DirtiesContextBeforeModesTestExecutionListener@fcb4004, org.springframework.test.context.event.ApplicationEventsTestExecutionListener@1dd6d4b7, org.springframework.boot.test.mock.mockito.MockitoTestExecutionListener@56e8b606, org.springframework.boot.test.autoconfigure.SpringBootDependencyInjectionTestExecutionListener@2dd29a59, org.springframework.test.context.support.DirtiesContextTestExecutionListener@784c3487, org.springframework.test.context.transaction.TransactionalTestExecutionListener@53142455, org.springframework.test.context.jdbc.SqlScriptsTestExecutionListener@40dff0b7, org.springframework.test.context.event.EventPublishingTestExecutionListener@7966baa7, org.springframework.boot.test.mock.mockito.ResetMocksTestExecutionListener@60975100, org.springframework.boot.test.autoconfigure.restdocs.RestDocsTestExecutionListener@1253e7cb, org.springframework.boot.test.autoconfigure.web.client.MockRestServiceServerResetTestExecutionListener@2d36e77e, org.springframework.boot.test.autoconfigure.web.servlet.MockMvcPrintOnlyOnFailureTestExecutionListener@61c9c3fd, org.springframework.boot.test.autoconfigure.web.servlet.WebDriverTestExecutionListener@3b0c9195, org.springframework.boot.test.autoconfigure.webservices.client.MockWebServiceServerTestExecutionListener@366c4480]
16:23:55.630 INFO  c.h.E.s.S.CategoryServiceImplTest - Starting CategoryServiceImplTest using Java 17.0.4 on LAPTOP-3MK6RBMS with PID 11288 (started by morek in C:\Users\morek\Desktop\BikkadIT\electro\Electrostore)
16:23:55.631 INFO  c.h.E.s.S.CategoryServiceImplTest - The following 1 profile is active: "dev"
16:23:55.662 INFO  o.h.validator.internal.util.Version - HV000001: Hibernate Validator 6.2.5.Final
16:23:57.178 INFO  o.s.d.r.c.RepositoryConfigurationDelegate - Bootstrapping Spring Data JPA repositories in DEFAULT mode.
16:23:57.319 INFO  o.s.d.r.c.RepositoryConfigurationDelegate - Finished Spring Data repository scanning in 125 ms. Found 3 JPA repository interfaces.
16:23:59.608 INFO  o.h.jpa.internal.util.LogHelper - HHH000204: Processing PersistenceUnitInfo [name: default]
16:23:59.731 INFO  org.hibernate.Version - HHH000412: Hibernate ORM core version 5.6.15.Final
16:23:59.862 INFO  o.h.annotations.common.Version - HCANN000001: Hibernate Commons Annotations {5.1.2.Final}
16:24:00.379 INFO  com.zaxxer.hikari.HikariDataSource - HikariPool-1 - Starting...
16:24:01.121 INFO  com.zaxxer.hikari.HikariDataSource - HikariPool-1 - Start completed.
16:24:01.146 INFO  org.hibernate.dialect.Dialect - HHH000400: Using dialect: org.hibernate.dialect.MySQL8Dialect
16:24:02.220 INFO  o.h.e.t.j.p.i.JtaPlatformInitiator - HHH000490: Using JtaPlatform implementation: [org.hibernate.engine.transaction.jta.platform.internal.NoJtaPlatform]
16:24:02.234 INFO  o.s.o.j.LocalContainerEntityManagerFactoryBean - Initialized JPA EntityManagerFactory for persistence unit 'default'
16:24:04.391 WARN  o.s.b.a.o.j.JpaBaseConfiguration$JpaWebConfiguration - spring.jpa.open-in-view is enabled by default. Therefore, database queries may be performed during view rendering. Explicitly configure spring.jpa.open-in-view to disable this warning
16:24:06.060 INFO  c.h.E.s.S.CategoryServiceImplTest - Started CategoryServiceImplTest in 10.941 seconds (JVM running for 13.107)
16:24:06.393 INFO  c.h.E.s.S.CategoryServiceImpl - creating category ...
16:24:06.474 INFO  o.s.o.j.LocalContainerEntityManagerFactoryBean - Closing JPA EntityManagerFactory for persistence unit 'default'
16:24:06.486 INFO  com.zaxxer.hikari.HikariDataSource - HikariPool-1 - Shutdown initiated...
16:24:06.507 INFO  com.zaxxer.hikari.HikariDataSource - HikariPool-1 - Shutdown completed.
16:25:47.373 INFO  o.s.b.t.c.SpringBootTestContextBootstrapper - Neither @ContextConfiguration nor @ContextHierarchy found for test class [com.happytech.Electrostore.service.ServiceImpl.CategoryServiceImplTest], using SpringBootContextLoader
16:25:47.384 INFO  o.s.t.c.s.AbstractContextLoader - Could not detect default resource locations for test class [com.happytech.Electrostore.service.ServiceImpl.CategoryServiceImplTest]: no resource found for suffixes {-context.xml, Context.groovy}.
16:25:47.385 INFO  o.s.t.c.s.AnnotationConfigContextLoaderUtils - Could not detect default configuration classes for test class [com.happytech.Electrostore.service.ServiceImpl.CategoryServiceImplTest]: CategoryServiceImplTest does not declare any static, non-private, non-final, nested classes annotated with @Configuration.
16:25:47.596 INFO  o.s.b.t.c.SpringBootTestContextBootstrapper - Found @SpringBootConfiguration com.happytech.Electrostore.ElectrostoreApplication for test class com.happytech.Electrostore.service.ServiceImpl.CategoryServiceImplTest
16:25:47.746 INFO  o.s.b.t.c.SpringBootTestContextBootstrapper - Loaded default TestExecutionListener class names from location [META-INF/spring.factories]: [org.springframework.boot.test.mock.mockito.MockitoTestExecutionListener, org.springframework.boot.test.mock.mockito.ResetMocksTestExecutionListener, org.springframework.boot.test.autoconfigure.restdocs.RestDocsTestExecutionListener, org.springframework.boot.test.autoconfigure.web.client.MockRestServiceServerResetTestExecutionListener, org.springframework.boot.test.autoconfigure.web.servlet.MockMvcPrintOnlyOnFailureTestExecutionListener, org.springframework.boot.test.autoconfigure.web.servlet.WebDriverTestExecutionListener, org.springframework.boot.test.autoconfigure.webservices.client.MockWebServiceServerTestExecutionListener, org.springframework.test.context.web.ServletTestExecutionListener, org.springframework.test.context.support.DirtiesContextBeforeModesTestExecutionListener, org.springframework.test.context.event.ApplicationEventsTestExecutionListener, org.springframework.test.context.support.DependencyInjectionTestExecutionListener, org.springframework.test.context.support.DirtiesContextTestExecutionListener, org.springframework.test.context.transaction.TransactionalTestExecutionListener, org.springframework.test.context.jdbc.SqlScriptsTestExecutionListener, org.springframework.test.context.event.EventPublishingTestExecutionListener]
16:25:47.780 INFO  o.s.b.t.c.SpringBootTestContextBootstrapper - Using TestExecutionListeners: [org.springframework.test.context.web.ServletTestExecutionListener@615091b8, org.springframework.test.context.support.DirtiesContextBeforeModesTestExecutionListener@4fce136b, org.springframework.test.context.event.ApplicationEventsTestExecutionListener@4aa83f4f, org.springframework.boot.test.mock.mockito.MockitoTestExecutionListener@43b6123e, org.springframework.boot.test.autoconfigure.SpringBootDependencyInjectionTestExecutionListener@260e86a1, org.springframework.test.context.support.DirtiesContextTestExecutionListener@19648c40, org.springframework.test.context.transaction.TransactionalTestExecutionListener@12bd8a64, org.springframework.test.context.jdbc.SqlScriptsTestExecutionListener@61e94def, org.springframework.test.context.event.EventPublishingTestExecutionListener@3300f4fd, org.springframework.boot.test.mock.mockito.ResetMocksTestExecutionListener@ebb6851, org.springframework.boot.test.autoconfigure.restdocs.RestDocsTestExecutionListener@70ab2d48, org.springframework.boot.test.autoconfigure.web.client.MockRestServiceServerResetTestExecutionListener@5b068087, org.springframework.boot.test.autoconfigure.web.servlet.MockMvcPrintOnlyOnFailureTestExecutionListener@6f152006, org.springframework.boot.test.autoconfigure.web.servlet.WebDriverTestExecutionListener@3a393455, org.springframework.boot.test.autoconfigure.webservices.client.MockWebServiceServerTestExecutionListener@13518f37]
16:25:48.391 INFO  c.h.E.s.S.CategoryServiceImplTest - Starting CategoryServiceImplTest using Java 17.0.4 on LAPTOP-3MK6RBMS with PID 16344 (started by morek in C:\Users\morek\Desktop\BikkadIT\electro\Electrostore)
16:25:48.393 INFO  c.h.E.s.S.CategoryServiceImplTest - The following 1 profile is active: "dev"
16:25:48.414 INFO  o.h.validator.internal.util.Version - HV000001: Hibernate Validator 6.2.5.Final
16:25:49.648 INFO  o.s.d.r.c.RepositoryConfigurationDelegate - Bootstrapping Spring Data JPA repositories in DEFAULT mode.
16:25:49.776 INFO  o.s.d.r.c.RepositoryConfigurationDelegate - Finished Spring Data repository scanning in 110 ms. Found 3 JPA repository interfaces.
16:25:51.404 INFO  o.h.jpa.internal.util.LogHelper - HHH000204: Processing PersistenceUnitInfo [name: default]
16:25:51.495 INFO  org.hibernate.Version - HHH000412: Hibernate ORM core version 5.6.15.Final
16:25:51.553 INFO  o.h.annotations.common.Version - HCANN000001: Hibernate Commons Annotations {5.1.2.Final}
16:25:51.751 INFO  com.zaxxer.hikari.HikariDataSource - HikariPool-1 - Starting...
16:25:52.096 INFO  com.zaxxer.hikari.HikariDataSource - HikariPool-1 - Start completed.
16:25:52.112 INFO  org.hibernate.dialect.Dialect - HHH000400: Using dialect: org.hibernate.dialect.MySQL8Dialect
16:25:52.904 INFO  o.h.e.t.j.p.i.JtaPlatformInitiator - HHH000490: Using JtaPlatform implementation: [org.hibernate.engine.transaction.jta.platform.internal.NoJtaPlatform]
16:25:52.916 INFO  o.s.o.j.LocalContainerEntityManagerFactoryBean - Initialized JPA EntityManagerFactory for persistence unit 'default'
16:25:54.023 WARN  o.s.b.a.o.j.JpaBaseConfiguration$JpaWebConfiguration - spring.jpa.open-in-view is enabled by default. Therefore, database queries may be performed during view rendering. Explicitly configure spring.jpa.open-in-view to disable this warning
16:25:55.105 INFO  c.h.E.s.S.CategoryServiceImplTest - Started CategoryServiceImplTest in 7.214 seconds (JVM running for 8.915)
16:25:55.388 INFO  c.h.E.s.S.CategoryServiceImpl - creating category ...
16:25:55.397 INFO  c.h.E.s.S.CategoryServiceImpl - category created successfully...
16:25:55.496 INFO  o.s.o.j.LocalContainerEntityManagerFactoryBean - Closing JPA EntityManagerFactory for persistence unit 'default'
16:25:55.501 INFO  com.zaxxer.hikari.HikariDataSource - HikariPool-1 - Shutdown initiated...
16:25:55.521 INFO  com.zaxxer.hikari.HikariDataSource - HikariPool-1 - Shutdown completed.
17:31:56.341 INFO  o.s.b.t.c.SpringBootTestContextBootstrapper - Neither @ContextConfiguration nor @ContextHierarchy found for test class [com.happytech.Electrostore.controller.UserControllerTest], using SpringBootContextLoader
17:31:56.354 INFO  o.s.t.c.s.AbstractContextLoader - Could not detect default resource locations for test class [com.happytech.Electrostore.controller.UserControllerTest]: no resource found for suffixes {-context.xml, Context.groovy}.
17:31:56.356 INFO  o.s.t.c.s.AnnotationConfigContextLoaderUtils - Could not detect default configuration classes for test class [com.happytech.Electrostore.controller.UserControllerTest]: UserControllerTest does not declare any static, non-private, non-final, nested classes annotated with @Configuration.
17:31:56.730 INFO  o.s.b.t.c.SpringBootTestContextBootstrapper - Found @SpringBootConfiguration com.happytech.Electrostore.ElectrostoreApplication for test class com.happytech.Electrostore.controller.UserControllerTest
17:31:56.936 INFO  o.s.b.t.c.SpringBootTestContextBootstrapper - Loaded default TestExecutionListener class names from location [META-INF/spring.factories]: [org.springframework.boot.test.mock.mockito.MockitoTestExecutionListener, org.springframework.boot.test.mock.mockito.ResetMocksTestExecutionListener, org.springframework.boot.test.autoconfigure.restdocs.RestDocsTestExecutionListener, org.springframework.boot.test.autoconfigure.web.client.MockRestServiceServerResetTestExecutionListener, org.springframework.boot.test.autoconfigure.web.servlet.MockMvcPrintOnlyOnFailureTestExecutionListener, org.springframework.boot.test.autoconfigure.web.servlet.WebDriverTestExecutionListener, org.springframework.boot.test.autoconfigure.webservices.client.MockWebServiceServerTestExecutionListener, org.springframework.test.context.web.ServletTestExecutionListener, org.springframework.test.context.support.DirtiesContextBeforeModesTestExecutionListener, org.springframework.test.context.event.ApplicationEventsTestExecutionListener, org.springframework.test.context.support.DependencyInjectionTestExecutionListener, org.springframework.test.context.support.DirtiesContextTestExecutionListener, org.springframework.test.context.transaction.TransactionalTestExecutionListener, org.springframework.test.context.jdbc.SqlScriptsTestExecutionListener, org.springframework.test.context.event.EventPublishingTestExecutionListener]
17:31:56.968 INFO  o.s.b.t.c.SpringBootTestContextBootstrapper - Using TestExecutionListeners: [org.springframework.test.context.web.ServletTestExecutionListener@544820b7, org.springframework.test.context.support.DirtiesContextBeforeModesTestExecutionListener@6b98a075, org.springframework.test.context.event.ApplicationEventsTestExecutionListener@2e61d218, org.springframework.boot.test.mock.mockito.MockitoTestExecutionListener@3569fc08, org.springframework.boot.test.autoconfigure.SpringBootDependencyInjectionTestExecutionListener@20b12f8a, org.springframework.test.context.support.DirtiesContextTestExecutionListener@e84a8e1, org.springframework.test.context.transaction.TransactionalTestExecutionListener@2e554a3b, org.springframework.test.context.jdbc.SqlScriptsTestExecutionListener@54a67a45, org.springframework.test.context.event.EventPublishingTestExecutionListener@7d42c224, org.springframework.boot.test.mock.mockito.ResetMocksTestExecutionListener@56aaaecd, org.springframework.boot.test.autoconfigure.restdocs.RestDocsTestExecutionListener@522a32b1, org.springframework.boot.test.autoconfigure.web.client.MockRestServiceServerResetTestExecutionListener@35390ee3, org.springframework.boot.test.autoconfigure.web.servlet.MockMvcPrintOnlyOnFailureTestExecutionListener@5e01a982, org.springframework.boot.test.autoconfigure.web.servlet.WebDriverTestExecutionListener@5ddea849, org.springframework.boot.test.autoconfigure.webservices.client.MockWebServiceServerTestExecutionListener@5ee2b6f9]
17:31:57.608 INFO  c.h.E.controller.UserControllerTest - Starting UserControllerTest using Java 17.0.4 on LAPTOP-3MK6RBMS with PID 17552 (started by morek in C:\Users\morek\Desktop\BikkadIT\electro\Electrostore)
17:31:57.609 INFO  c.h.E.controller.UserControllerTest - The following 1 profile is active: "dev"
17:31:57.624 INFO  o.h.validator.internal.util.Version - HV000001: Hibernate Validator 6.2.5.Final
17:31:59.318 INFO  o.s.d.r.c.RepositoryConfigurationDelegate - Bootstrapping Spring Data JPA repositories in DEFAULT mode.
17:31:59.466 INFO  o.s.d.r.c.RepositoryConfigurationDelegate - Finished Spring Data repository scanning in 130 ms. Found 3 JPA repository interfaces.
17:32:01.427 INFO  o.h.jpa.internal.util.LogHelper - HHH000204: Processing PersistenceUnitInfo [name: default]
17:32:01.624 INFO  org.hibernate.Version - HHH000412: Hibernate ORM core version 5.6.15.Final
17:32:01.715 INFO  o.h.annotations.common.Version - HCANN000001: Hibernate Commons Annotations {5.1.2.Final}
17:32:02.006 INFO  com.zaxxer.hikari.HikariDataSource - HikariPool-1 - Starting...
17:32:02.847 INFO  com.zaxxer.hikari.HikariDataSource - HikariPool-1 - Start completed.
17:32:02.878 INFO  org.hibernate.dialect.Dialect - HHH000400: Using dialect: org.hibernate.dialect.MySQL8Dialect
17:32:04.138 INFO  o.h.e.t.j.p.i.JtaPlatformInitiator - HHH000490: Using JtaPlatform implementation: [org.hibernate.engine.transaction.jta.platform.internal.NoJtaPlatform]
17:32:04.168 INFO  o.s.o.j.LocalContainerEntityManagerFactoryBean - Initialized JPA EntityManagerFactory for persistence unit 'default'
17:32:05.571 WARN  o.s.b.a.o.j.JpaBaseConfiguration$JpaWebConfiguration - spring.jpa.open-in-view is enabled by default. Therefore, database queries may be performed during view rendering. Explicitly configure spring.jpa.open-in-view to disable this warning
17:32:06.973 INFO  o.s.b.t.m.w.SpringBootMockServletContext - Initializing Spring TestDispatcherServlet ''
17:32:06.974 INFO  o.s.t.w.s.TestDispatcherServlet - Initializing Servlet ''
17:32:06.975 INFO  o.s.t.w.s.TestDispatcherServlet - Completed initialization in 1 ms
17:32:07.002 INFO  c.h.E.controller.UserControllerTest - Started UserControllerTest in 9.96 seconds (JVM running for 12.109)
17:32:07.287 INFO  o.s.o.j.LocalContainerEntityManagerFactoryBean - Closing JPA EntityManagerFactory for persistence unit 'default'
17:32:07.292 INFO  com.zaxxer.hikari.HikariDataSource - HikariPool-1 - Shutdown initiated...
17:32:07.325 INFO  com.zaxxer.hikari.HikariDataSource - HikariPool-1 - Shutdown completed.
17:36:36.634 INFO  o.s.b.t.c.SpringBootTestContextBootstrapper - Neither @ContextConfiguration nor @ContextHierarchy found for test class [com.happytech.Electrostore.controller.UserControllerTest], using SpringBootContextLoader
17:36:36.648 INFO  o.s.t.c.s.AbstractContextLoader - Could not detect default resource locations for test class [com.happytech.Electrostore.controller.UserControllerTest]: no resource found for suffixes {-context.xml, Context.groovy}.
17:36:36.649 INFO  o.s.t.c.s.AnnotationConfigContextLoaderUtils - Could not detect default configuration classes for test class [com.happytech.Electrostore.controller.UserControllerTest]: UserControllerTest does not declare any static, non-private, non-final, nested classes annotated with @Configuration.
17:36:36.949 INFO  o.s.b.t.c.SpringBootTestContextBootstrapper - Found @SpringBootConfiguration com.happytech.Electrostore.ElectrostoreApplication for test class com.happytech.Electrostore.controller.UserControllerTest
17:36:37.166 INFO  o.s.b.t.c.SpringBootTestContextBootstrapper - Loaded default TestExecutionListener class names from location [META-INF/spring.factories]: [org.springframework.boot.test.mock.mockito.MockitoTestExecutionListener, org.springframework.boot.test.mock.mockito.ResetMocksTestExecutionListener, org.springframework.boot.test.autoconfigure.restdocs.RestDocsTestExecutionListener, org.springframework.boot.test.autoconfigure.web.client.MockRestServiceServerResetTestExecutionListener, org.springframework.boot.test.autoconfigure.web.servlet.MockMvcPrintOnlyOnFailureTestExecutionListener, org.springframework.boot.test.autoconfigure.web.servlet.WebDriverTestExecutionListener, org.springframework.boot.test.autoconfigure.webservices.client.MockWebServiceServerTestExecutionListener, org.springframework.test.context.web.ServletTestExecutionListener, org.springframework.test.context.support.DirtiesContextBeforeModesTestExecutionListener, org.springframework.test.context.event.ApplicationEventsTestExecutionListener, org.springframework.test.context.support.DependencyInjectionTestExecutionListener, org.springframework.test.context.support.DirtiesContextTestExecutionListener, org.springframework.test.context.transaction.TransactionalTestExecutionListener, org.springframework.test.context.jdbc.SqlScriptsTestExecutionListener, org.springframework.test.context.event.EventPublishingTestExecutionListener]
17:36:37.194 INFO  o.s.b.t.c.SpringBootTestContextBootstrapper - Using TestExecutionListeners: [org.springframework.test.context.web.ServletTestExecutionListener@6b98a075, org.springframework.test.context.support.DirtiesContextBeforeModesTestExecutionListener@2e61d218, org.springframework.test.context.event.ApplicationEventsTestExecutionListener@3569fc08, org.springframework.boot.test.mock.mockito.MockitoTestExecutionListener@20b12f8a, org.springframework.boot.test.autoconfigure.SpringBootDependencyInjectionTestExecutionListener@e84a8e1, org.springframework.test.context.support.DirtiesContextTestExecutionListener@2e554a3b, org.springframework.test.context.transaction.TransactionalTestExecutionListener@54a67a45, org.springframework.test.context.jdbc.SqlScriptsTestExecutionListener@7d42c224, org.springframework.test.context.event.EventPublishingTestExecutionListener@56aaaecd, org.springframework.boot.test.mock.mockito.ResetMocksTestExecutionListener@522a32b1, org.springframework.boot.test.autoconfigure.restdocs.RestDocsTestExecutionListener@35390ee3, org.springframework.boot.test.autoconfigure.web.client.MockRestServiceServerResetTestExecutionListener@5e01a982, org.springframework.boot.test.autoconfigure.web.servlet.MockMvcPrintOnlyOnFailureTestExecutionListener@5ddea849, org.springframework.boot.test.autoconfigure.web.servlet.WebDriverTestExecutionListener@5ee2b6f9, org.springframework.boot.test.autoconfigure.webservices.client.MockWebServiceServerTestExecutionListener@23d1e5d0]
17:36:37.830 INFO  c.h.E.controller.UserControllerTest - Starting UserControllerTest using Java 17.0.4 on LAPTOP-3MK6RBMS with PID 1680 (started by morek in C:\Users\morek\Desktop\BikkadIT\electro\Electrostore)
17:36:37.832 INFO  c.h.E.controller.UserControllerTest - The following 1 profile is active: "dev"
17:36:37.845 INFO  o.h.validator.internal.util.Version - HV000001: Hibernate Validator 6.2.5.Final
17:36:39.367 INFO  o.s.d.r.c.RepositoryConfigurationDelegate - Bootstrapping Spring Data JPA repositories in DEFAULT mode.
17:36:39.537 INFO  o.s.d.r.c.RepositoryConfigurationDelegate - Finished Spring Data repository scanning in 141 ms. Found 3 JPA repository interfaces.
17:36:42.083 INFO  o.h.jpa.internal.util.LogHelper - HHH000204: Processing PersistenceUnitInfo [name: default]
17:36:42.205 INFO  org.hibernate.Version - HHH000412: Hibernate ORM core version 5.6.15.Final
17:36:42.273 INFO  o.h.annotations.common.Version - HCANN000001: Hibernate Commons Annotations {5.1.2.Final}
17:36:42.569 INFO  com.zaxxer.hikari.HikariDataSource - HikariPool-1 - Starting...
17:36:43.331 INFO  com.zaxxer.hikari.HikariDataSource - HikariPool-1 - Start completed.
17:36:43.365 INFO  org.hibernate.dialect.Dialect - HHH000400: Using dialect: org.hibernate.dialect.MySQL8Dialect
17:36:44.545 INFO  o.h.e.t.j.p.i.JtaPlatformInitiator - HHH000490: Using JtaPlatform implementation: [org.hibernate.engine.transaction.jta.platform.internal.NoJtaPlatform]
17:36:44.562 INFO  o.s.o.j.LocalContainerEntityManagerFactoryBean - Initialized JPA EntityManagerFactory for persistence unit 'default'
17:36:45.779 WARN  o.s.b.a.o.j.JpaBaseConfiguration$JpaWebConfiguration - spring.jpa.open-in-view is enabled by default. Therefore, database queries may be performed during view rendering. Explicitly configure spring.jpa.open-in-view to disable this warning
17:36:46.998 INFO  o.s.b.t.m.w.SpringBootMockServletContext - Initializing Spring TestDispatcherServlet ''
17:36:46.999 INFO  o.s.t.w.s.TestDispatcherServlet - Initializing Servlet ''
17:36:47.002 INFO  o.s.t.w.s.TestDispatcherServlet - Completed initialization in 2 ms
17:36:47.038 INFO  c.h.E.controller.UserControllerTest - Started UserControllerTest in 9.768 seconds (JVM running for 11.771)
17:36:47.430 INFO  o.s.o.j.LocalContainerEntityManagerFactoryBean - Closing JPA EntityManagerFactory for persistence unit 'default'
17:36:47.434 INFO  com.zaxxer.hikari.HikariDataSource - HikariPool-1 - Shutdown initiated...
17:36:47.467 INFO  com.zaxxer.hikari.HikariDataSource - HikariPool-1 - Shutdown completed.
17:38:46.241 INFO  o.s.b.t.c.SpringBootTestContextBootstrapper - Neither @ContextConfiguration nor @ContextHierarchy found for test class [com.happytech.Electrostore.controller.UserControllerTest], using SpringBootContextLoader
17:38:46.254 INFO  o.s.t.c.s.AbstractContextLoader - Could not detect default resource locations for test class [com.happytech.Electrostore.controller.UserControllerTest]: no resource found for suffixes {-context.xml, Context.groovy}.
17:38:46.256 INFO  o.s.t.c.s.AnnotationConfigContextLoaderUtils - Could not detect default configuration classes for test class [com.happytech.Electrostore.controller.UserControllerTest]: UserControllerTest does not declare any static, non-private, non-final, nested classes annotated with @Configuration.
17:38:46.565 INFO  o.s.b.t.c.SpringBootTestContextBootstrapper - Found @SpringBootConfiguration com.happytech.Electrostore.ElectrostoreApplication for test class com.happytech.Electrostore.controller.UserControllerTest
17:38:46.725 INFO  o.s.b.t.c.SpringBootTestContextBootstrapper - Loaded default TestExecutionListener class names from location [META-INF/spring.factories]: [org.springframework.boot.test.mock.mockito.MockitoTestExecutionListener, org.springframework.boot.test.mock.mockito.ResetMocksTestExecutionListener, org.springframework.boot.test.autoconfigure.restdocs.RestDocsTestExecutionListener, org.springframework.boot.test.autoconfigure.web.client.MockRestServiceServerResetTestExecutionListener, org.springframework.boot.test.autoconfigure.web.servlet.MockMvcPrintOnlyOnFailureTestExecutionListener, org.springframework.boot.test.autoconfigure.web.servlet.WebDriverTestExecutionListener, org.springframework.boot.test.autoconfigure.webservices.client.MockWebServiceServerTestExecutionListener, org.springframework.test.context.web.ServletTestExecutionListener, org.springframework.test.context.support.DirtiesContextBeforeModesTestExecutionListener, org.springframework.test.context.event.ApplicationEventsTestExecutionListener, org.springframework.test.context.support.DependencyInjectionTestExecutionListener, org.springframework.test.context.support.DirtiesContextTestExecutionListener, org.springframework.test.context.transaction.TransactionalTestExecutionListener, org.springframework.test.context.jdbc.SqlScriptsTestExecutionListener, org.springframework.test.context.event.EventPublishingTestExecutionListener]
17:38:46.754 INFO  o.s.b.t.c.SpringBootTestContextBootstrapper - Using TestExecutionListeners: [org.springframework.test.context.web.ServletTestExecutionListener@56aaaecd, org.springframework.test.context.support.DirtiesContextBeforeModesTestExecutionListener@522a32b1, org.springframework.test.context.event.ApplicationEventsTestExecutionListener@35390ee3, org.springframework.boot.test.mock.mockito.MockitoTestExecutionListener@5e01a982, org.springframework.boot.test.autoconfigure.SpringBootDependencyInjectionTestExecutionListener@5ddea849, org.springframework.test.context.support.DirtiesContextTestExecutionListener@5ee2b6f9, org.springframework.test.context.transaction.TransactionalTestExecutionListener@23d1e5d0, org.springframework.test.context.jdbc.SqlScriptsTestExecutionListener@704f1591, org.springframework.test.context.event.EventPublishingTestExecutionListener@58fb7731, org.springframework.boot.test.mock.mockito.ResetMocksTestExecutionListener@13e547a9, org.springframework.boot.test.autoconfigure.restdocs.RestDocsTestExecutionListener@3fb6cf60, org.springframework.boot.test.autoconfigure.web.client.MockRestServiceServerResetTestExecutionListener@37ddb69a, org.springframework.boot.test.autoconfigure.web.servlet.MockMvcPrintOnlyOnFailureTestExecutionListener@349c1daf, org.springframework.boot.test.autoconfigure.web.servlet.WebDriverTestExecutionListener@dfddc9a, org.springframework.boot.test.autoconfigure.webservices.client.MockWebServiceServerTestExecutionListener@4b9df8a]
17:38:47.313 INFO  c.h.E.controller.UserControllerTest - Starting UserControllerTest using Java 17.0.4 on LAPTOP-3MK6RBMS with PID 23648 (started by morek in C:\Users\morek\Desktop\BikkadIT\electro\Electrostore)
17:38:47.314 INFO  c.h.E.controller.UserControllerTest - The following 1 profile is active: "dev"
17:38:47.316 INFO  o.h.validator.internal.util.Version - HV000001: Hibernate Validator 6.2.5.Final
17:38:48.705 INFO  o.s.d.r.c.RepositoryConfigurationDelegate - Bootstrapping Spring Data JPA repositories in DEFAULT mode.
17:38:48.839 INFO  o.s.d.r.c.RepositoryConfigurationDelegate - Finished Spring Data repository scanning in 120 ms. Found 3 JPA repository interfaces.
17:38:50.651 INFO  o.h.jpa.internal.util.LogHelper - HHH000204: Processing PersistenceUnitInfo [name: default]
17:38:50.748 INFO  org.hibernate.Version - HHH000412: Hibernate ORM core version 5.6.15.Final
17:38:50.820 INFO  o.h.annotations.common.Version - HCANN000001: Hibernate Commons Annotations {5.1.2.Final}
17:38:51.079 INFO  com.zaxxer.hikari.HikariDataSource - HikariPool-1 - Starting...
17:38:51.574 INFO  com.zaxxer.hikari.HikariDataSource - HikariPool-1 - Start completed.
17:38:51.606 INFO  org.hibernate.dialect.Dialect - HHH000400: Using dialect: org.hibernate.dialect.MySQL8Dialect
17:38:52.833 INFO  o.h.e.t.j.p.i.JtaPlatformInitiator - HHH000490: Using JtaPlatform implementation: [org.hibernate.engine.transaction.jta.platform.internal.NoJtaPlatform]
17:38:52.872 INFO  o.s.o.j.LocalContainerEntityManagerFactoryBean - Initialized JPA EntityManagerFactory for persistence unit 'default'
17:38:54.138 WARN  o.s.b.a.o.j.JpaBaseConfiguration$JpaWebConfiguration - spring.jpa.open-in-view is enabled by default. Therefore, database queries may be performed during view rendering. Explicitly configure spring.jpa.open-in-view to disable this warning
17:38:55.353 INFO  o.s.b.t.m.w.SpringBootMockServletContext - Initializing Spring TestDispatcherServlet ''
17:38:55.354 INFO  o.s.t.w.s.TestDispatcherServlet - Initializing Servlet ''
17:38:55.355 INFO  o.s.t.w.s.TestDispatcherServlet - Completed initialization in 1 ms
17:38:55.386 INFO  c.h.E.controller.UserControllerTest - Started UserControllerTest in 8.544 seconds (JVM running for 10.413)
17:38:55.673 INFO  o.s.o.j.LocalContainerEntityManagerFactoryBean - Closing JPA EntityManagerFactory for persistence unit 'default'
17:38:55.676 INFO  com.zaxxer.hikari.HikariDataSource - HikariPool-1 - Shutdown initiated...
17:38:55.691 INFO  com.zaxxer.hikari.HikariDataSource - HikariPool-1 - Shutdown completed.
17:46:38.788 INFO  o.h.validator.internal.util.Version - HV000001: Hibernate Validator 6.2.5.Final
17:46:38.787 INFO  c.h.E.ElectrostoreApplication - Starting ElectrostoreApplication using Java 17.0.4 on LAPTOP-3MK6RBMS with PID 17804 (C:\Users\morek\Desktop\BikkadIT\electro\Electrostore\target\classes started by morek in C:\Users\morek\Desktop\BikkadIT\electro\Electrostore)
17:46:38.791 INFO  c.h.E.ElectrostoreApplication - The following 1 profile is active: "dev"
17:46:38.866 INFO  o.s.b.d.e.DevToolsPropertyDefaultsPostProcessor - Devtools property defaults active! Set 'spring.devtools.add-properties' to 'false' to disable
17:46:38.866 INFO  o.s.b.d.e.DevToolsPropertyDefaultsPostProcessor - For additional web related logging consider setting the 'logging.level.web' property to 'DEBUG'
17:46:40.087 INFO  o.s.d.r.c.RepositoryConfigurationDelegate - Bootstrapping Spring Data JPA repositories in DEFAULT mode.
17:46:40.220 INFO  o.s.d.r.c.RepositoryConfigurationDelegate - Finished Spring Data repository scanning in 116 ms. Found 3 JPA repository interfaces.
17:46:41.323 INFO  o.s.b.w.e.tomcat.TomcatWebServer - Tomcat initialized with port(s): 9197 (http)
17:46:41.341 INFO  o.a.coyote.http11.Http11NioProtocol - Initializing ProtocolHandler ["http-nio-9197"]
17:46:41.342 INFO  o.a.catalina.core.StandardService - Starting service [Tomcat]
17:46:41.343 INFO  o.a.catalina.core.StandardEngine - Starting Servlet engine: [Apache Tomcat/9.0.71]
17:46:41.476 INFO  o.a.c.c.C.[Tomcat].[localhost].[/] - Initializing Spring embedded WebApplicationContext
17:46:41.477 INFO  o.s.b.w.s.c.ServletWebServerApplicationContext - Root WebApplicationContext: initialization completed in 2609 ms
17:46:41.749 INFO  o.h.jpa.internal.util.LogHelper - HHH000204: Processing PersistenceUnitInfo [name: default]
17:46:41.833 INFO  org.hibernate.Version - HHH000412: Hibernate ORM core version 5.6.15.Final
17:46:42.078 INFO  o.h.annotations.common.Version - HCANN000001: Hibernate Commons Annotations {5.1.2.Final}
17:46:42.249 INFO  com.zaxxer.hikari.HikariDataSource - HikariPool-1 - Starting...
17:46:42.744 INFO  com.zaxxer.hikari.HikariDataSource - HikariPool-1 - Start completed.
17:46:42.767 INFO  org.hibernate.dialect.Dialect - HHH000400: Using dialect: org.hibernate.dialect.MySQL8Dialect
17:46:43.970 INFO  o.h.e.t.j.p.i.JtaPlatformInitiator - HHH000490: Using JtaPlatform implementation: [org.hibernate.engine.transaction.jta.platform.internal.NoJtaPlatform]
17:46:43.996 INFO  o.s.o.j.LocalContainerEntityManagerFactoryBean - Initialized JPA EntityManagerFactory for persistence unit 'default'
17:46:44.733 WARN  o.s.b.a.o.j.JpaBaseConfiguration$JpaWebConfiguration - spring.jpa.open-in-view is enabled by default. Therefore, database queries may be performed during view rendering. Explicitly configure spring.jpa.open-in-view to disable this warning
17:46:45.230 INFO  o.s.b.d.a.OptionalLiveReloadServer - LiveReload server is running on port 35729
17:46:45.253 INFO  o.a.coyote.http11.Http11NioProtocol - Starting ProtocolHandler ["http-nio-9197"]
17:46:45.292 INFO  o.s.b.w.e.tomcat.TomcatWebServer - Tomcat started on port(s): 9197 (http) with context path ''
17:46:45.306 INFO  c.h.E.ElectrostoreApplication - Started ElectrostoreApplication in 7.077 seconds (JVM running for 7.915)
17:47:02.334 INFO  o.s.o.j.LocalContainerEntityManagerFactoryBean - Closing JPA EntityManagerFactory for persistence unit 'default'
17:47:02.345 INFO  com.zaxxer.hikari.HikariDataSource - HikariPool-1 - Shutdown initiated...
17:47:02.372 INFO  com.zaxxer.hikari.HikariDataSource - HikariPool-1 - Shutdown completed.
17:47:08.037 INFO  o.h.validator.internal.util.Version - HV000001: Hibernate Validator 6.2.5.Final
17:47:08.044 INFO  c.h.E.ElectrostoreApplication - Starting ElectrostoreApplication using Java 17.0.4 on LAPTOP-3MK6RBMS with PID 8412 (C:\Users\morek\Desktop\BikkadIT\electro\Electrostore\target\classes started by morek in C:\Users\morek\Desktop\BikkadIT\electro\Electrostore)
17:47:08.045 INFO  c.h.E.ElectrostoreApplication - The following 1 profile is active: "dev"
17:47:08.133 INFO  o.s.b.d.e.DevToolsPropertyDefaultsPostProcessor - Devtools property defaults active! Set 'spring.devtools.add-properties' to 'false' to disable
17:47:08.134 INFO  o.s.b.d.e.DevToolsPropertyDefaultsPostProcessor - For additional web related logging consider setting the 'logging.level.web' property to 'DEBUG'
17:47:09.572 INFO  o.s.d.r.c.RepositoryConfigurationDelegate - Bootstrapping Spring Data JPA repositories in DEFAULT mode.
17:47:09.699 INFO  o.s.d.r.c.RepositoryConfigurationDelegate - Finished Spring Data repository scanning in 112 ms. Found 3 JPA repository interfaces.
17:47:10.999 INFO  o.s.b.w.e.tomcat.TomcatWebServer - Tomcat initialized with port(s): 9197 (http)
17:47:11.015 INFO  o.a.coyote.http11.Http11NioProtocol - Initializing ProtocolHandler ["http-nio-9197"]
17:47:11.017 INFO  o.a.catalina.core.StandardService - Starting service [Tomcat]
17:47:11.017 INFO  o.a.catalina.core.StandardEngine - Starting Servlet engine: [Apache Tomcat/9.0.71]
17:47:11.156 INFO  o.a.c.c.C.[Tomcat].[localhost].[/] - Initializing Spring embedded WebApplicationContext
17:47:11.157 INFO  o.s.b.w.s.c.ServletWebServerApplicationContext - Root WebApplicationContext: initialization completed in 3021 ms
17:47:11.435 INFO  o.h.jpa.internal.util.LogHelper - HHH000204: Processing PersistenceUnitInfo [name: default]
17:47:11.522 INFO  org.hibernate.Version - HHH000412: Hibernate ORM core version 5.6.15.Final
17:47:11.793 INFO  o.h.annotations.common.Version - HCANN000001: Hibernate Commons Annotations {5.1.2.Final}
17:47:12.004 INFO  com.zaxxer.hikari.HikariDataSource - HikariPool-1 - Starting...
17:47:12.486 INFO  com.zaxxer.hikari.HikariDataSource - HikariPool-1 - Start completed.
17:47:12.513 INFO  org.hibernate.dialect.Dialect - HHH000400: Using dialect: org.hibernate.dialect.MySQL8Dialect
17:47:13.768 INFO  o.h.e.t.j.p.i.JtaPlatformInitiator - HHH000490: Using JtaPlatform implementation: [org.hibernate.engine.transaction.jta.platform.internal.NoJtaPlatform]
17:47:13.784 INFO  o.s.o.j.LocalContainerEntityManagerFactoryBean - Initialized JPA EntityManagerFactory for persistence unit 'default'
17:47:14.504 WARN  o.s.b.a.o.j.JpaBaseConfiguration$JpaWebConfiguration - spring.jpa.open-in-view is enabled by default. Therefore, database queries may be performed during view rendering. Explicitly configure spring.jpa.open-in-view to disable this warning
17:47:15.073 INFO  o.s.b.d.a.OptionalLiveReloadServer - LiveReload server is running on port 35729
17:47:15.096 INFO  o.a.coyote.http11.Http11NioProtocol - Starting ProtocolHandler ["http-nio-9197"]
17:47:15.149 INFO  o.s.b.w.e.tomcat.TomcatWebServer - Tomcat started on port(s): 9197 (http) with context path ''
17:47:15.169 INFO  c.h.E.ElectrostoreApplication - Started ElectrostoreApplication in 7.722 seconds (JVM running for 8.595)
17:48:06.719 INFO  o.a.c.c.C.[Tomcat].[localhost].[/] - Initializing Spring DispatcherServlet 'dispatcherServlet'
17:48:06.721 INFO  o.s.web.servlet.DispatcherServlet - Initializing Servlet 'dispatcherServlet'
17:48:06.730 INFO  o.s.web.servlet.DispatcherServlet - Completed initialization in 8 ms
17:48:06.904 INFO  c.h.E.s.S.ProductServiceImpl - getting all products...
17:48:07.750 INFO  c.h.E.s.S.ProductServiceImpl - product got successfully in pagination !!
17:55:30.673 INFO  o.s.o.j.LocalContainerEntityManagerFactoryBean - Closing JPA EntityManagerFactory for persistence unit 'default'
17:55:30.691 INFO  com.zaxxer.hikari.HikariDataSource - HikariPool-1 - Shutdown initiated...
17:55:30.721 INFO  com.zaxxer.hikari.HikariDataSource - HikariPool-1 - Shutdown completed.
17:55:45.891 INFO  o.h.validator.internal.util.Version - HV000001: Hibernate Validator 6.2.5.Final
17:55:45.891 INFO  c.h.E.ElectrostoreApplication - Starting ElectrostoreApplication using Java 17.0.4 on LAPTOP-3MK6RBMS with PID 20124 (C:\Users\morek\Desktop\BikkadIT\electro\Electrostore\target\classes started by morek in C:\Users\morek\Desktop\BikkadIT\electro\Electrostore)
17:55:45.896 INFO  c.h.E.ElectrostoreApplication - The following 1 profile is active: "dev"
17:55:45.979 INFO  o.s.b.d.e.DevToolsPropertyDefaultsPostProcessor - Devtools property defaults active! Set 'spring.devtools.add-properties' to 'false' to disable
17:55:45.980 INFO  o.s.b.d.e.DevToolsPropertyDefaultsPostProcessor - For additional web related logging consider setting the 'logging.level.web' property to 'DEBUG'
17:55:47.573 INFO  o.s.d.r.c.RepositoryConfigurationDelegate - Bootstrapping Spring Data JPA repositories in DEFAULT mode.
17:55:47.716 INFO  o.s.d.r.c.RepositoryConfigurationDelegate - Finished Spring Data repository scanning in 126 ms. Found 3 JPA repository interfaces.
17:55:48.971 INFO  o.s.b.w.e.tomcat.TomcatWebServer - Tomcat initialized with port(s): 9197 (http)
17:55:48.990 INFO  o.a.coyote.http11.Http11NioProtocol - Initializing ProtocolHandler ["http-nio-9197"]
17:55:48.991 INFO  o.a.catalina.core.StandardService - Starting service [Tomcat]
17:55:48.992 INFO  o.a.catalina.core.StandardEngine - Starting Servlet engine: [Apache Tomcat/9.0.71]
17:55:49.144 INFO  o.a.c.c.C.[Tomcat].[localhost].[/] - Initializing Spring embedded WebApplicationContext
17:55:49.148 INFO  o.s.b.w.s.c.ServletWebServerApplicationContext - Root WebApplicationContext: initialization completed in 3164 ms
17:55:49.475 INFO  o.h.jpa.internal.util.LogHelper - HHH000204: Processing PersistenceUnitInfo [name: default]
17:55:49.578 INFO  org.hibernate.Version - HHH000412: Hibernate ORM core version 5.6.15.Final
17:55:49.928 INFO  o.h.annotations.common.Version - HCANN000001: Hibernate Commons Annotations {5.1.2.Final}
17:55:50.102 INFO  com.zaxxer.hikari.HikariDataSource - HikariPool-1 - Starting...
17:55:50.666 INFO  com.zaxxer.hikari.HikariDataSource - HikariPool-1 - Start completed.
17:55:50.696 INFO  org.hibernate.dialect.Dialect - HHH000400: Using dialect: org.hibernate.dialect.MySQL8Dialect
17:55:51.966 INFO  o.h.e.t.j.p.i.JtaPlatformInitiator - HHH000490: Using JtaPlatform implementation: [org.hibernate.engine.transaction.jta.platform.internal.NoJtaPlatform]
17:55:51.977 INFO  o.s.o.j.LocalContainerEntityManagerFactoryBean - Initialized JPA EntityManagerFactory for persistence unit 'default'
17:55:52.712 WARN  o.s.b.a.o.j.JpaBaseConfiguration$JpaWebConfiguration - spring.jpa.open-in-view is enabled by default. Therefore, database queries may be performed during view rendering. Explicitly configure spring.jpa.open-in-view to disable this warning
17:55:53.224 INFO  o.s.b.d.a.OptionalLiveReloadServer - LiveReload server is running on port 35729
17:55:53.251 INFO  o.a.coyote.http11.Http11NioProtocol - Starting ProtocolHandler ["http-nio-9197"]
17:55:53.294 INFO  o.s.b.w.e.tomcat.TomcatWebServer - Tomcat started on port(s): 9197 (http) with context path ''
17:55:53.308 INFO  c.h.E.ElectrostoreApplication - Started ElectrostoreApplication in 8.16 seconds (JVM running for 9.165)
17:56:14.331 INFO  o.a.c.c.C.[Tomcat].[localhost].[/] - Initializing Spring DispatcherServlet 'dispatcherServlet'
17:56:14.331 INFO  o.s.web.servlet.DispatcherServlet - Initializing Servlet 'dispatcherServlet'
17:56:14.334 INFO  o.s.web.servlet.DispatcherServlet - Completed initialization in 2 ms
17:56:14.466 INFO  c.h.E.s.S.ProductServiceImpl - getting all products...
17:56:15.206 INFO  c.h.E.s.S.ProductServiceImpl - product got successfully in pagination !!
17:56:27.391 INFO  c.h.E.s.S.ProductServiceImpl - finding product ...
17:56:27.461 INFO  c.h.E.s.S.ProductServiceImpl - product got successfully !!
17:57:28.884 INFO  c.h.E.s.S.ProductServiceImpl - Creating productDto...
17:57:29.080 INFO  c.h.E.s.S.ProductServiceImpl - product created successfully !!
17:58:37.242 INFO  c.h.E.s.S.ProductServiceImpl - getting all products...
17:58:37.287 INFO  c.h.E.s.S.ProductServiceImpl - product got successfully in pagination !!
17:59:07.993 INFO  c.h.E.s.S.ProductServiceImpl - getting all Live products...
17:59:08.046 INFO  c.h.E.s.S.ProductServiceImpl - product got successfully in pagination !!
17:59:41.330 INFO  c.h.E.s.S.ProductServiceImpl - searching products...
17:59:41.399 INFO  c.h.E.s.S.ProductServiceImpl - product got successfully in pagination !!
17:59:50.063 INFO  c.h.E.s.S.ProductServiceImpl - searching products...
17:59:50.086 INFO  c.h.E.s.S.ProductServiceImpl - product got successfully in pagination !!
18:27:55.291 WARN  com.zaxxer.hikari.pool.HikariPool - HikariPool-1 - Thread starvation or clock leap detected (housekeeper delta=12m34s27ms7µs700ns).
18:54:28.996 INFO  o.s.o.j.LocalContainerEntityManagerFactoryBean - Closing JPA EntityManagerFactory for persistence unit 'default'
18:54:29.025 INFO  com.zaxxer.hikari.HikariDataSource - HikariPool-1 - Shutdown initiated...
18:54:29.077 INFO  com.zaxxer.hikari.HikariDataSource - HikariPool-1 - Shutdown completed.
18:54:49.335 INFO  o.h.validator.internal.util.Version - HV000001: Hibernate Validator 6.2.5.Final
18:54:49.340 INFO  c.h.E.ElectrostoreApplication - Starting ElectrostoreApplication using Java 17.0.4 on LAPTOP-3MK6RBMS with PID 23132 (C:\Users\morek\Desktop\BikkadIT\electro\Electrostore\target\classes started by morek in C:\Users\morek\Desktop\BikkadIT\electro\Electrostore)
18:54:49.341 INFO  c.h.E.ElectrostoreApplication - The following 1 profile is active: "dev"
18:54:49.492 INFO  o.s.b.d.e.DevToolsPropertyDefaultsPostProcessor - Devtools property defaults active! Set 'spring.devtools.add-properties' to 'false' to disable
18:54:49.496 INFO  o.s.b.d.e.DevToolsPropertyDefaultsPostProcessor - For additional web related logging consider setting the 'logging.level.web' property to 'DEBUG'
18:54:50.825 INFO  o.s.d.r.c.RepositoryConfigurationDelegate - Bootstrapping Spring Data JPA repositories in DEFAULT mode.
18:54:50.981 INFO  o.s.d.r.c.RepositoryConfigurationDelegate - Finished Spring Data repository scanning in 138 ms. Found 3 JPA repository interfaces.
18:54:52.198 INFO  o.s.b.w.e.tomcat.TomcatWebServer - Tomcat initialized with port(s): 9197 (http)
18:54:52.216 INFO  o.a.coyote.http11.Http11NioProtocol - Initializing ProtocolHandler ["http-nio-9197"]
18:54:52.217 INFO  o.a.catalina.core.StandardService - Starting service [Tomcat]
18:54:52.217 INFO  o.a.catalina.core.StandardEngine - Starting Servlet engine: [Apache Tomcat/9.0.71]
18:54:52.366 INFO  o.a.c.c.C.[Tomcat].[localhost].[/] - Initializing Spring embedded WebApplicationContext
18:54:52.367 INFO  o.s.b.w.s.c.ServletWebServerApplicationContext - Root WebApplicationContext: initialization completed in 2868 ms
18:54:52.674 INFO  o.h.jpa.internal.util.LogHelper - HHH000204: Processing PersistenceUnitInfo [name: default]
18:54:52.780 INFO  org.hibernate.Version - HHH000412: Hibernate ORM core version 5.6.15.Final
18:54:53.089 INFO  o.h.annotations.common.Version - HCANN000001: Hibernate Commons Annotations {5.1.2.Final}
18:54:53.273 INFO  com.zaxxer.hikari.HikariDataSource - HikariPool-1 - Starting...
18:54:53.810 INFO  com.zaxxer.hikari.HikariDataSource - HikariPool-1 - Start completed.
18:54:53.860 INFO  org.hibernate.dialect.Dialect - HHH000400: Using dialect: org.hibernate.dialect.MySQL8Dialect
18:54:55.407 INFO  o.h.e.t.j.p.i.JtaPlatformInitiator - HHH000490: Using JtaPlatform implementation: [org.hibernate.engine.transaction.jta.platform.internal.NoJtaPlatform]
18:54:55.432 INFO  o.s.o.j.LocalContainerEntityManagerFactoryBean - Initialized JPA EntityManagerFactory for persistence unit 'default'
18:54:56.197 WARN  o.s.b.a.o.j.JpaBaseConfiguration$JpaWebConfiguration - spring.jpa.open-in-view is enabled by default. Therefore, database queries may be performed during view rendering. Explicitly configure spring.jpa.open-in-view to disable this warning
18:54:56.714 INFO  o.s.b.d.a.OptionalLiveReloadServer - LiveReload server is running on port 35729
18:54:56.733 INFO  o.a.coyote.http11.Http11NioProtocol - Starting ProtocolHandler ["http-nio-9197"]
18:54:56.763 INFO  o.s.b.w.e.tomcat.TomcatWebServer - Tomcat started on port(s): 9197 (http) with context path ''
18:54:56.789 INFO  c.h.E.ElectrostoreApplication - Started ElectrostoreApplication in 8.079 seconds (JVM running for 9.009)
18:59:28.428 INFO  o.a.c.c.C.[Tomcat].[localhost].[/] - Initializing Spring DispatcherServlet 'dispatcherServlet'
18:59:28.430 INFO  o.s.web.servlet.DispatcherServlet - Initializing Servlet 'dispatcherServlet'
18:59:28.434 INFO  o.s.web.servlet.DispatcherServlet - Completed initialization in 3 ms
18:59:28.929 INFO  c.h.Electrostore.service.FileService - filename : nathan-dumlao-LPRrEJU2GbQ-unsplash.jpg 
18:59:29.109 INFO  c.h.E.s.S.ProductServiceImpl - finding product ...
18:59:29.724 INFO  c.h.E.s.S.ProductServiceImpl - product got successfully !!
18:59:29.729 INFO  c.h.E.s.S.ProductServiceImpl - updating productDto...
18:59:29.802 INFO  c.h.E.s.S.ProductServiceImpl - product updated successfully !!
18:59:30.181 WARN  o.s.w.m.s.StandardServletMultipartResolver - Failed to perform cleanup of multipart items
java.io.UncheckedIOException: Cannot delete C:\Users\morek\AppData\Local\Temp\tomcat.9197.11849286626961818637\work\Tomcat\localhost\ROOT\upload_7e9c8d14_bac8_409e_9a25_7c83d47fd538_00000000.tmp
	at org.apache.tomcat.util.http.fileupload.disk.DiskFileItem.delete(DiskFileItem.java:431)
	at org.apache.catalina.core.ApplicationPart.delete(ApplicationPart.java:54)
	at org.springframework.web.multipart.support.StandardServletMultipartResolver.cleanupMultipart(StandardServletMultipartResolver.java:134)
	at org.springframework.web.servlet.DispatcherServlet.cleanupMultipart(DispatcherServlet.java:1250)
	at org.springframework.web.servlet.DispatcherServlet.doDispatch(DispatcherServlet.java:1107)
	at org.springframework.web.servlet.DispatcherServlet.doService(DispatcherServlet.java:964)
	at org.springframework.web.servlet.FrameworkServlet.processRequest(FrameworkServlet.java:1006)
	at org.springframework.web.servlet.FrameworkServlet.doPost(FrameworkServlet.java:909)
	at javax.servlet.http.HttpServlet.service(HttpServlet.java:696)
	at org.springframework.web.servlet.FrameworkServlet.service(FrameworkServlet.java:883)
	at javax.servlet.http.HttpServlet.service(HttpServlet.java:779)
	at org.apache.catalina.core.ApplicationFilterChain.internalDoFilter(ApplicationFilterChain.java:227)
	at org.apache.catalina.core.ApplicationFilterChain.doFilter(ApplicationFilterChain.java:162)
	at org.apache.tomcat.websocket.server.WsFilter.doFilter(WsFilter.java:53)
	at org.apache.catalina.core.ApplicationFilterChain.internalDoFilter(ApplicationFilterChain.java:189)
	at org.apache.catalina.core.ApplicationFilterChain.doFilter(ApplicationFilterChain.java:162)
	at org.springframework.web.filter.RequestContextFilter.doFilterInternal(RequestContextFilter.java:100)
	at org.springframework.web.filter.OncePerRequestFilter.doFilter(OncePerRequestFilter.java:117)
	at org.apache.catalina.core.ApplicationFilterChain.internalDoFilter(ApplicationFilterChain.java:189)
	at org.apache.catalina.core.ApplicationFilterChain.doFilter(ApplicationFilterChain.java:162)
	at org.springframework.web.filter.FormContentFilter.doFilterInternal(FormContentFilter.java:93)
	at org.springframework.web.filter.OncePerRequestFilter.doFilter(OncePerRequestFilter.java:117)
	at org.apache.catalina.core.ApplicationFilterChain.internalDoFilter(ApplicationFilterChain.java:189)
	at org.apache.catalina.core.ApplicationFilterChain.doFilter(ApplicationFilterChain.java:162)
	at org.springframework.web.filter.CharacterEncodingFilter.doFilterInternal(CharacterEncodingFilter.java:201)
	at org.springframework.web.filter.OncePerRequestFilter.doFilter(OncePerRequestFilter.java:117)
	at org.apache.catalina.core.ApplicationFilterChain.internalDoFilter(ApplicationFilterChain.java:189)
	at org.apache.catalina.core.ApplicationFilterChain.doFilter(ApplicationFilterChain.java:162)
	at org.apache.catalina.core.StandardWrapperValve.invoke(StandardWrapperValve.java:177)
	at org.apache.catalina.core.StandardContextValve.invoke(StandardContextValve.java:97)
	at org.apache.catalina.authenticator.AuthenticatorBase.invoke(AuthenticatorBase.java:541)
	at org.apache.catalina.core.StandardHostValve.invoke(StandardHostValve.java:135)
	at org.apache.catalina.valves.ErrorReportValve.invoke(ErrorReportValve.java:92)
	at org.apache.catalina.core.StandardEngineValve.invoke(StandardEngineValve.java:78)
	at org.apache.catalina.connector.CoyoteAdapter.service(CoyoteAdapter.java:360)
	at org.apache.coyote.http11.Http11Processor.service(Http11Processor.java:399)
	at org.apache.coyote.AbstractProcessorLight.process(AbstractProcessorLight.java:65)
	at org.apache.coyote.AbstractProtocol$ConnectionHandler.process(AbstractProtocol.java:891)
	at org.apache.tomcat.util.net.NioEndpoint$SocketProcessor.doRun(NioEndpoint.java:1784)
	at org.apache.tomcat.util.net.SocketProcessorBase.run(SocketProcessorBase.java:49)
	at org.apache.tomcat.util.threads.ThreadPoolExecutor.runWorker(ThreadPoolExecutor.java:1191)
	at org.apache.tomcat.util.threads.ThreadPoolExecutor$Worker.run(ThreadPoolExecutor.java:659)
	at org.apache.tomcat.util.threads.TaskThread$WrappingRunnable.run(TaskThread.java:61)
	at java.base/java.lang.Thread.run(Thread.java:833)
Caused by: java.io.IOException: Cannot delete C:\Users\morek\AppData\Local\Temp\tomcat.9197.11849286626961818637\work\Tomcat\localhost\ROOT\upload_7e9c8d14_bac8_409e_9a25_7c83d47fd538_00000000.tmp
	... 44 common frames omitted
18:59:30.186 ERROR o.a.coyote.http11.Http11Processor - Error processing request
java.io.UncheckedIOException: Cannot delete C:\Users\morek\AppData\Local\Temp\tomcat.9197.11849286626961818637\work\Tomcat\localhost\ROOT\upload_7e9c8d14_bac8_409e_9a25_7c83d47fd538_00000000.tmp
	at org.apache.tomcat.util.http.fileupload.disk.DiskFileItem.delete(DiskFileItem.java:431)
	at org.apache.catalina.core.ApplicationPart.delete(ApplicationPart.java:54)
	at org.apache.catalina.connector.Request.recycle(Request.java:483)
	at org.apache.catalina.connector.CoyoteAdapter.service(CoyoteAdapter.java:441)
	at org.apache.coyote.http11.Http11Processor.service(Http11Processor.java:399)
	at org.apache.coyote.AbstractProcessorLight.process(AbstractProcessorLight.java:65)
	at org.apache.coyote.AbstractProtocol$ConnectionHandler.process(AbstractProtocol.java:891)
	at org.apache.tomcat.util.net.NioEndpoint$SocketProcessor.doRun(NioEndpoint.java:1784)
	at org.apache.tomcat.util.net.SocketProcessorBase.run(SocketProcessorBase.java:49)
	at org.apache.tomcat.util.threads.ThreadPoolExecutor.runWorker(ThreadPoolExecutor.java:1191)
	at org.apache.tomcat.util.threads.ThreadPoolExecutor$Worker.run(ThreadPoolExecutor.java:659)
	at org.apache.tomcat.util.threads.TaskThread$WrappingRunnable.run(TaskThread.java:61)
	at java.base/java.lang.Thread.run(Thread.java:833)
Caused by: java.io.IOException: Cannot delete C:\Users\morek\AppData\Local\Temp\tomcat.9197.11849286626961818637\work\Tomcat\localhost\ROOT\upload_7e9c8d14_bac8_409e_9a25_7c83d47fd538_00000000.tmp
	... 13 common frames omitted
18:59:30.192 ERROR o.a.coyote.http11.Http11NioProtocol - Error reading request, ignored
java.io.UncheckedIOException: Cannot delete C:\Users\morek\AppData\Local\Temp\tomcat.9197.11849286626961818637\work\Tomcat\localhost\ROOT\upload_7e9c8d14_bac8_409e_9a25_7c83d47fd538_00000000.tmp
	at org.apache.tomcat.util.http.fileupload.disk.DiskFileItem.delete(DiskFileItem.java:431)
	at org.apache.catalina.core.ApplicationPart.delete(ApplicationPart.java:54)
	at org.apache.catalina.connector.Request.recycle(Request.java:483)
	at org.apache.catalina.connector.CoyoteAdapter.log(CoyoteAdapter.java:515)
	at org.apache.coyote.http11.Http11Processor.service(Http11Processor.java:429)
	at org.apache.coyote.AbstractProcessorLight.process(AbstractProcessorLight.java:65)
	at org.apache.coyote.AbstractProtocol$ConnectionHandler.process(AbstractProtocol.java:891)
	at org.apache.tomcat.util.net.NioEndpoint$SocketProcessor.doRun(NioEndpoint.java:1784)
	at org.apache.tomcat.util.net.SocketProcessorBase.run(SocketProcessorBase.java:49)
	at org.apache.tomcat.util.threads.ThreadPoolExecutor.runWorker(ThreadPoolExecutor.java:1191)
	at org.apache.tomcat.util.threads.ThreadPoolExecutor$Worker.run(ThreadPoolExecutor.java:659)
	at org.apache.tomcat.util.threads.TaskThread$WrappingRunnable.run(TaskThread.java:61)
	at java.base/java.lang.Thread.run(Thread.java:833)
Caused by: java.io.IOException: Cannot delete C:\Users\morek\AppData\Local\Temp\tomcat.9197.11849286626961818637\work\Tomcat\localhost\ROOT\upload_7e9c8d14_bac8_409e_9a25_7c83d47fd538_00000000.tmp
	... 13 common frames omitted
18:59:30.195 ERROR o.apache.tomcat.util.net.NioEndpoint - Error running socket processor
java.io.UncheckedIOException: Cannot delete C:\Users\morek\AppData\Local\Temp\tomcat.9197.11849286626961818637\work\Tomcat\localhost\ROOT\upload_7e9c8d14_bac8_409e_9a25_7c83d47fd538_00000000.tmp
	at org.apache.tomcat.util.http.fileupload.disk.DiskFileItem.delete(DiskFileItem.java:431)
	at org.apache.catalina.core.ApplicationPart.delete(ApplicationPart.java:54)
	at org.apache.catalina.connector.Request.recycle(Request.java:483)
	at org.apache.catalina.connector.CoyoteAdapter.log(CoyoteAdapter.java:515)
	at org.apache.catalina.connector.CoyoteAdapter.checkRecycled(CoyoteAdapter.java:539)
	at org.apache.coyote.http11.Http11Processor.recycle(Http11Processor.java:1439)
	at org.apache.coyote.AbstractProtocol$ConnectionHandler.release(AbstractProtocol.java:1098)
	at org.apache.coyote.AbstractProtocol$ConnectionHandler.process(AbstractProtocol.java:1056)
	at org.apache.tomcat.util.net.NioEndpoint$SocketProcessor.doRun(NioEndpoint.java:1784)
	at org.apache.tomcat.util.net.SocketProcessorBase.run(SocketProcessorBase.java:49)
	at org.apache.tomcat.util.threads.ThreadPoolExecutor.runWorker(ThreadPoolExecutor.java:1191)
	at org.apache.tomcat.util.threads.ThreadPoolExecutor$Worker.run(ThreadPoolExecutor.java:659)
	at org.apache.tomcat.util.threads.TaskThread$WrappingRunnable.run(TaskThread.java:61)
	at java.base/java.lang.Thread.run(Thread.java:833)
Caused by: java.io.IOException: Cannot delete C:\Users\morek\AppData\Local\Temp\tomcat.9197.11849286626961818637\work\Tomcat\localhost\ROOT\upload_7e9c8d14_bac8_409e_9a25_7c83d47fd538_00000000.tmp
	... 14 common frames omitted
19:01:40.667 INFO  o.s.o.j.LocalContainerEntityManagerFactoryBean - Closing JPA EntityManagerFactory for persistence unit 'default'
19:01:40.674 INFO  com.zaxxer.hikari.HikariDataSource - HikariPool-1 - Shutdown initiated...
19:01:40.711 INFO  com.zaxxer.hikari.HikariDataSource - HikariPool-1 - Shutdown completed.
19:01:57.594 INFO  c.h.E.ElectrostoreApplication - Starting ElectrostoreApplication using Java 17.0.4 on LAPTOP-3MK6RBMS with PID 21224 (C:\Users\morek\Desktop\BikkadIT\electro\Electrostore\target\classes started by morek in C:\Users\morek\Desktop\BikkadIT\electro\Electrostore)
19:01:57.603 INFO  c.h.E.ElectrostoreApplication - The following 1 profile is active: "dev"
19:01:57.643 INFO  o.h.validator.internal.util.Version - HV000001: Hibernate Validator 6.2.5.Final
19:01:57.794 INFO  o.s.b.d.e.DevToolsPropertyDefaultsPostProcessor - Devtools property defaults active! Set 'spring.devtools.add-properties' to 'false' to disable
19:01:57.795 INFO  o.s.b.d.e.DevToolsPropertyDefaultsPostProcessor - For additional web related logging consider setting the 'logging.level.web' property to 'DEBUG'
19:02:01.523 INFO  o.s.d.r.c.RepositoryConfigurationDelegate - Bootstrapping Spring Data JPA repositories in DEFAULT mode.
19:02:01.794 INFO  o.s.d.r.c.RepositoryConfigurationDelegate - Finished Spring Data repository scanning in 231 ms. Found 3 JPA repository interfaces.
19:02:03.170 INFO  o.s.b.w.e.tomcat.TomcatWebServer - Tomcat initialized with port(s): 9197 (http)
19:02:03.195 INFO  o.a.coyote.http11.Http11NioProtocol - Initializing ProtocolHandler ["http-nio-9197"]
19:02:03.196 INFO  o.a.catalina.core.StandardService - Starting service [Tomcat]
19:02:03.196 INFO  o.a.catalina.core.StandardEngine - Starting Servlet engine: [Apache Tomcat/9.0.71]
19:02:03.452 INFO  o.a.c.c.C.[Tomcat].[localhost].[/] - Initializing Spring embedded WebApplicationContext
19:02:03.458 INFO  o.s.b.w.s.c.ServletWebServerApplicationContext - Root WebApplicationContext: initialization completed in 5661 ms
19:02:04.236 INFO  o.h.jpa.internal.util.LogHelper - HHH000204: Processing PersistenceUnitInfo [name: default]
19:02:04.467 INFO  org.hibernate.Version - HHH000412: Hibernate ORM core version 5.6.15.Final
19:02:05.631 INFO  o.h.annotations.common.Version - HCANN000001: Hibernate Commons Annotations {5.1.2.Final}
19:02:05.892 INFO  com.zaxxer.hikari.HikariDataSource - HikariPool-1 - Starting...
19:02:06.527 INFO  com.zaxxer.hikari.HikariDataSource - HikariPool-1 - Start completed.
19:02:06.582 INFO  org.hibernate.dialect.Dialect - HHH000400: Using dialect: org.hibernate.dialect.MySQL8Dialect
19:02:08.202 INFO  o.h.e.t.j.p.i.JtaPlatformInitiator - HHH000490: Using JtaPlatform implementation: [org.hibernate.engine.transaction.jta.platform.internal.NoJtaPlatform]
19:02:08.219 INFO  o.s.o.j.LocalContainerEntityManagerFactoryBean - Initialized JPA EntityManagerFactory for persistence unit 'default'
19:02:09.266 WARN  o.s.b.a.o.j.JpaBaseConfiguration$JpaWebConfiguration - spring.jpa.open-in-view is enabled by default. Therefore, database queries may be performed during view rendering. Explicitly configure spring.jpa.open-in-view to disable this warning
19:02:10.309 INFO  o.s.b.d.a.OptionalLiveReloadServer - LiveReload server is running on port 35729
19:02:10.336 INFO  o.a.coyote.http11.Http11NioProtocol - Starting ProtocolHandler ["http-nio-9197"]
19:02:10.412 INFO  o.s.b.w.e.tomcat.TomcatWebServer - Tomcat started on port(s): 9197 (http) with context path ''
19:02:10.428 INFO  c.h.E.ElectrostoreApplication - Started ElectrostoreApplication in 13.808 seconds (JVM running for 15.627)
19:02:24.662 INFO  o.s.o.j.LocalContainerEntityManagerFactoryBean - Closing JPA EntityManagerFactory for persistence unit 'default'
19:02:24.668 INFO  com.zaxxer.hikari.HikariDataSource - HikariPool-1 - Shutdown initiated...
19:02:24.684 INFO  com.zaxxer.hikari.HikariDataSource - HikariPool-1 - Shutdown completed.
19:02:30.440 INFO  c.h.E.ElectrostoreApplication - Starting ElectrostoreApplication using Java 17.0.4 on LAPTOP-3MK6RBMS with PID 12996 (C:\Users\morek\Desktop\BikkadIT\electro\Electrostore\target\classes started by morek in C:\Users\morek\Desktop\BikkadIT\electro\Electrostore)
19:02:30.440 INFO  o.h.validator.internal.util.Version - HV000001: Hibernate Validator 6.2.5.Final
19:02:30.444 INFO  c.h.E.ElectrostoreApplication - The following 1 profile is active: "dev"
19:02:30.537 INFO  o.s.b.d.e.DevToolsPropertyDefaultsPostProcessor - Devtools property defaults active! Set 'spring.devtools.add-properties' to 'false' to disable
19:02:30.538 INFO  o.s.b.d.e.DevToolsPropertyDefaultsPostProcessor - For additional web related logging consider setting the 'logging.level.web' property to 'DEBUG'
19:02:31.823 INFO  o.s.d.r.c.RepositoryConfigurationDelegate - Bootstrapping Spring Data JPA repositories in DEFAULT mode.
19:02:31.961 INFO  o.s.d.r.c.RepositoryConfigurationDelegate - Finished Spring Data repository scanning in 122 ms. Found 3 JPA repository interfaces.
19:02:33.123 INFO  o.s.b.w.e.tomcat.TomcatWebServer - Tomcat initialized with port(s): 9197 (http)
19:02:33.141 INFO  o.a.coyote.http11.Http11NioProtocol - Initializing ProtocolHandler ["http-nio-9197"]
19:02:33.142 INFO  o.a.catalina.core.StandardService - Starting service [Tomcat]
19:02:33.143 INFO  o.a.catalina.core.StandardEngine - Starting Servlet engine: [Apache Tomcat/9.0.71]
19:02:33.286 INFO  o.a.c.c.C.[Tomcat].[localhost].[/] - Initializing Spring embedded WebApplicationContext
19:02:33.287 INFO  o.s.b.w.s.c.ServletWebServerApplicationContext - Root WebApplicationContext: initialization completed in 2747 ms
19:02:33.594 INFO  o.h.jpa.internal.util.LogHelper - HHH000204: Processing PersistenceUnitInfo [name: default]
19:02:33.689 INFO  org.hibernate.Version - HHH000412: Hibernate ORM core version 5.6.15.Final
19:02:33.996 INFO  o.h.annotations.common.Version - HCANN000001: Hibernate Commons Annotations {5.1.2.Final}
19:02:34.166 INFO  com.zaxxer.hikari.HikariDataSource - HikariPool-1 - Starting...
19:02:34.645 INFO  com.zaxxer.hikari.HikariDataSource - HikariPool-1 - Start completed.
19:02:34.673 INFO  org.hibernate.dialect.Dialect - HHH000400: Using dialect: org.hibernate.dialect.MySQL8Dialect
19:02:35.971 INFO  o.h.e.t.j.p.i.JtaPlatformInitiator - HHH000490: Using JtaPlatform implementation: [org.hibernate.engine.transaction.jta.platform.internal.NoJtaPlatform]
19:02:35.990 INFO  o.s.o.j.LocalContainerEntityManagerFactoryBean - Initialized JPA EntityManagerFactory for persistence unit 'default'
19:02:36.953 WARN  o.s.b.a.o.j.JpaBaseConfiguration$JpaWebConfiguration - spring.jpa.open-in-view is enabled by default. Therefore, database queries may be performed during view rendering. Explicitly configure spring.jpa.open-in-view to disable this warning
19:02:37.542 INFO  o.s.b.d.a.OptionalLiveReloadServer - LiveReload server is running on port 35729
19:02:37.565 INFO  o.a.coyote.http11.Http11NioProtocol - Starting ProtocolHandler ["http-nio-9197"]
19:02:37.609 INFO  o.s.b.w.e.tomcat.TomcatWebServer - Tomcat started on port(s): 9197 (http) with context path ''
19:02:37.630 INFO  c.h.E.ElectrostoreApplication - Started ElectrostoreApplication in 7.759 seconds (JVM running for 8.699)
19:03:04.452 INFO  o.a.c.c.C.[Tomcat].[localhost].[/] - Initializing Spring DispatcherServlet 'dispatcherServlet'
19:03:04.454 INFO  o.s.web.servlet.DispatcherServlet - Initializing Servlet 'dispatcherServlet'
19:03:04.457 INFO  o.s.web.servlet.DispatcherServlet - Completed initialization in 3 ms
19:03:04.799 INFO  c.h.Electrostore.service.FileService - filename : nathan-dumlao-LPRrEJU2GbQ-unsplash.jpg 
19:03:04.823 INFO  c.h.E.s.S.ProductServiceImpl - finding product ...
19:03:04.998 INFO  c.h.E.s.S.ProductServiceImpl - product got successfully !!
19:03:05.001 INFO  c.h.E.s.S.ProductServiceImpl - updating productDto...
19:03:05.112 INFO  c.h.E.s.S.ProductServiceImpl - product updated successfully !!
19:03:05.273 WARN  o.s.w.m.s.StandardServletMultipartResolver - Failed to perform cleanup of multipart items
java.io.UncheckedIOException: Cannot delete C:\Users\morek\AppData\Local\Temp\tomcat.9197.9743629518220083171\work\Tomcat\localhost\ROOT\upload_f6ac5a5c_4ecc_4d07_ab4a_58211c813696_00000000.tmp
	at org.apache.tomcat.util.http.fileupload.disk.DiskFileItem.delete(DiskFileItem.java:431)
	at org.apache.catalina.core.ApplicationPart.delete(ApplicationPart.java:54)
	at org.springframework.web.multipart.support.StandardServletMultipartResolver.cleanupMultipart(StandardServletMultipartResolver.java:134)
	at org.springframework.web.servlet.DispatcherServlet.cleanupMultipart(DispatcherServlet.java:1250)
	at org.springframework.web.servlet.DispatcherServlet.doDispatch(DispatcherServlet.java:1107)
	at org.springframework.web.servlet.DispatcherServlet.doService(DispatcherServlet.java:964)
	at org.springframework.web.servlet.FrameworkServlet.processRequest(FrameworkServlet.java:1006)
	at org.springframework.web.servlet.FrameworkServlet.doPost(FrameworkServlet.java:909)
	at javax.servlet.http.HttpServlet.service(HttpServlet.java:696)
	at org.springframework.web.servlet.FrameworkServlet.service(FrameworkServlet.java:883)
	at javax.servlet.http.HttpServlet.service(HttpServlet.java:779)
	at org.apache.catalina.core.ApplicationFilterChain.internalDoFilter(ApplicationFilterChain.java:227)
	at org.apache.catalina.core.ApplicationFilterChain.doFilter(ApplicationFilterChain.java:162)
	at org.apache.tomcat.websocket.server.WsFilter.doFilter(WsFilter.java:53)
	at org.apache.catalina.core.ApplicationFilterChain.internalDoFilter(ApplicationFilterChain.java:189)
	at org.apache.catalina.core.ApplicationFilterChain.doFilter(ApplicationFilterChain.java:162)
	at org.springframework.web.filter.RequestContextFilter.doFilterInternal(RequestContextFilter.java:100)
	at org.springframework.web.filter.OncePerRequestFilter.doFilter(OncePerRequestFilter.java:117)
	at org.apache.catalina.core.ApplicationFilterChain.internalDoFilter(ApplicationFilterChain.java:189)
	at org.apache.catalina.core.ApplicationFilterChain.doFilter(ApplicationFilterChain.java:162)
	at org.springframework.web.filter.FormContentFilter.doFilterInternal(FormContentFilter.java:93)
	at org.springframework.web.filter.OncePerRequestFilter.doFilter(OncePerRequestFilter.java:117)
	at org.apache.catalina.core.ApplicationFilterChain.internalDoFilter(ApplicationFilterChain.java:189)
	at org.apache.catalina.core.ApplicationFilterChain.doFilter(ApplicationFilterChain.java:162)
	at org.springframework.web.filter.CharacterEncodingFilter.doFilterInternal(CharacterEncodingFilter.java:201)
	at org.springframework.web.filter.OncePerRequestFilter.doFilter(OncePerRequestFilter.java:117)
	at org.apache.catalina.core.ApplicationFilterChain.internalDoFilter(ApplicationFilterChain.java:189)
	at org.apache.catalina.core.ApplicationFilterChain.doFilter(ApplicationFilterChain.java:162)
	at org.apache.catalina.core.StandardWrapperValve.invoke(StandardWrapperValve.java:177)
	at org.apache.catalina.core.StandardContextValve.invoke(StandardContextValve.java:97)
	at org.apache.catalina.authenticator.AuthenticatorBase.invoke(AuthenticatorBase.java:541)
	at org.apache.catalina.core.StandardHostValve.invoke(StandardHostValve.java:135)
	at org.apache.catalina.valves.ErrorReportValve.invoke(ErrorReportValve.java:92)
	at org.apache.catalina.core.StandardEngineValve.invoke(StandardEngineValve.java:78)
	at org.apache.catalina.connector.CoyoteAdapter.service(CoyoteAdapter.java:360)
	at org.apache.coyote.http11.Http11Processor.service(Http11Processor.java:399)
	at org.apache.coyote.AbstractProcessorLight.process(AbstractProcessorLight.java:65)
	at org.apache.coyote.AbstractProtocol$ConnectionHandler.process(AbstractProtocol.java:891)
	at org.apache.tomcat.util.net.NioEndpoint$SocketProcessor.doRun(NioEndpoint.java:1784)
	at org.apache.tomcat.util.net.SocketProcessorBase.run(SocketProcessorBase.java:49)
	at org.apache.tomcat.util.threads.ThreadPoolExecutor.runWorker(ThreadPoolExecutor.java:1191)
	at org.apache.tomcat.util.threads.ThreadPoolExecutor$Worker.run(ThreadPoolExecutor.java:659)
	at org.apache.tomcat.util.threads.TaskThread$WrappingRunnable.run(TaskThread.java:61)
	at java.base/java.lang.Thread.run(Thread.java:833)
Caused by: java.io.IOException: Cannot delete C:\Users\morek\AppData\Local\Temp\tomcat.9197.9743629518220083171\work\Tomcat\localhost\ROOT\upload_f6ac5a5c_4ecc_4d07_ab4a_58211c813696_00000000.tmp
	... 44 common frames omitted
19:03:05.276 ERROR o.a.coyote.http11.Http11Processor - Error processing request
java.io.UncheckedIOException: Cannot delete C:\Users\morek\AppData\Local\Temp\tomcat.9197.9743629518220083171\work\Tomcat\localhost\ROOT\upload_f6ac5a5c_4ecc_4d07_ab4a_58211c813696_00000000.tmp
	at org.apache.tomcat.util.http.fileupload.disk.DiskFileItem.delete(DiskFileItem.java:431)
	at org.apache.catalina.core.ApplicationPart.delete(ApplicationPart.java:54)
	at org.apache.catalina.connector.Request.recycle(Request.java:483)
	at org.apache.catalina.connector.CoyoteAdapter.service(CoyoteAdapter.java:441)
	at org.apache.coyote.http11.Http11Processor.service(Http11Processor.java:399)
	at org.apache.coyote.AbstractProcessorLight.process(AbstractProcessorLight.java:65)
	at org.apache.coyote.AbstractProtocol$ConnectionHandler.process(AbstractProtocol.java:891)
	at org.apache.tomcat.util.net.NioEndpoint$SocketProcessor.doRun(NioEndpoint.java:1784)
	at org.apache.tomcat.util.net.SocketProcessorBase.run(SocketProcessorBase.java:49)
	at org.apache.tomcat.util.threads.ThreadPoolExecutor.runWorker(ThreadPoolExecutor.java:1191)
	at org.apache.tomcat.util.threads.ThreadPoolExecutor$Worker.run(ThreadPoolExecutor.java:659)
	at org.apache.tomcat.util.threads.TaskThread$WrappingRunnable.run(TaskThread.java:61)
	at java.base/java.lang.Thread.run(Thread.java:833)
Caused by: java.io.IOException: Cannot delete C:\Users\morek\AppData\Local\Temp\tomcat.9197.9743629518220083171\work\Tomcat\localhost\ROOT\upload_f6ac5a5c_4ecc_4d07_ab4a_58211c813696_00000000.tmp
	... 13 common frames omitted
19:03:05.279 ERROR o.a.coyote.http11.Http11NioProtocol - Error reading request, ignored
java.io.UncheckedIOException: Cannot delete C:\Users\morek\AppData\Local\Temp\tomcat.9197.9743629518220083171\work\Tomcat\localhost\ROOT\upload_f6ac5a5c_4ecc_4d07_ab4a_58211c813696_00000000.tmp
	at org.apache.tomcat.util.http.fileupload.disk.DiskFileItem.delete(DiskFileItem.java:431)
	at org.apache.catalina.core.ApplicationPart.delete(ApplicationPart.java:54)
	at org.apache.catalina.connector.Request.recycle(Request.java:483)
	at org.apache.catalina.connector.CoyoteAdapter.log(CoyoteAdapter.java:515)
	at org.apache.coyote.http11.Http11Processor.service(Http11Processor.java:429)
	at org.apache.coyote.AbstractProcessorLight.process(AbstractProcessorLight.java:65)
	at org.apache.coyote.AbstractProtocol$ConnectionHandler.process(AbstractProtocol.java:891)
	at org.apache.tomcat.util.net.NioEndpoint$SocketProcessor.doRun(NioEndpoint.java:1784)
	at org.apache.tomcat.util.net.SocketProcessorBase.run(SocketProcessorBase.java:49)
	at org.apache.tomcat.util.threads.ThreadPoolExecutor.runWorker(ThreadPoolExecutor.java:1191)
	at org.apache.tomcat.util.threads.ThreadPoolExecutor$Worker.run(ThreadPoolExecutor.java:659)
	at org.apache.tomcat.util.threads.TaskThread$WrappingRunnable.run(TaskThread.java:61)
	at java.base/java.lang.Thread.run(Thread.java:833)
Caused by: java.io.IOException: Cannot delete C:\Users\morek\AppData\Local\Temp\tomcat.9197.9743629518220083171\work\Tomcat\localhost\ROOT\upload_f6ac5a5c_4ecc_4d07_ab4a_58211c813696_00000000.tmp
	... 13 common frames omitted
19:03:05.283 ERROR o.apache.tomcat.util.net.NioEndpoint - Error running socket processor
java.io.UncheckedIOException: Cannot delete C:\Users\morek\AppData\Local\Temp\tomcat.9197.9743629518220083171\work\Tomcat\localhost\ROOT\upload_f6ac5a5c_4ecc_4d07_ab4a_58211c813696_00000000.tmp
	at org.apache.tomcat.util.http.fileupload.disk.DiskFileItem.delete(DiskFileItem.java:431)
	at org.apache.catalina.core.ApplicationPart.delete(ApplicationPart.java:54)
	at org.apache.catalina.connector.Request.recycle(Request.java:483)
	at org.apache.catalina.connector.CoyoteAdapter.log(CoyoteAdapter.java:515)
	at org.apache.catalina.connector.CoyoteAdapter.checkRecycled(CoyoteAdapter.java:539)
	at org.apache.coyote.http11.Http11Processor.recycle(Http11Processor.java:1439)
	at org.apache.coyote.AbstractProtocol$ConnectionHandler.release(AbstractProtocol.java:1098)
	at org.apache.coyote.AbstractProtocol$ConnectionHandler.process(AbstractProtocol.java:1056)
	at org.apache.tomcat.util.net.NioEndpoint$SocketProcessor.doRun(NioEndpoint.java:1784)
	at org.apache.tomcat.util.net.SocketProcessorBase.run(SocketProcessorBase.java:49)
	at org.apache.tomcat.util.threads.ThreadPoolExecutor.runWorker(ThreadPoolExecutor.java:1191)
	at org.apache.tomcat.util.threads.ThreadPoolExecutor$Worker.run(ThreadPoolExecutor.java:659)
	at org.apache.tomcat.util.threads.TaskThread$WrappingRunnable.run(TaskThread.java:61)
	at java.base/java.lang.Thread.run(Thread.java:833)
Caused by: java.io.IOException: Cannot delete C:\Users\morek\AppData\Local\Temp\tomcat.9197.9743629518220083171\work\Tomcat\localhost\ROOT\upload_f6ac5a5c_4ecc_4d07_ab4a_58211c813696_00000000.tmp
	... 14 common frames omitted
19:31:15.820 INFO  c.h.E.s.S.ProductServiceImpl - finding product ...
19:31:16.056 INFO  c.h.E.s.S.ProductServiceImpl - product got successfully !!
19:31:16.057 INFO  c.h.E.controller.ProductController - product image Name : 5062d0aa-6bb0-419e-aff9-dfa0a3002f7c.jpg 
19:31:16.058 INFO  c.h.Electrostore.service.FileService - getting resource file ...
19:31:16.071 INFO  c.h.Electrostore.service.FileService - found resource file with name ...java.io.FileInputStream@2c11ab04
19:31:28.049 INFO  c.h.E.s.S.ProductServiceImpl - finding product ...
19:31:28.084 INFO  c.h.E.s.S.ProductServiceImpl - product got successfully !!
19:31:28.084 INFO  c.h.E.controller.ProductController - product image Name : 5062d0aa-6bb0-419e-aff9-dfa0a3002f7c.jpg 
19:31:28.084 INFO  c.h.Electrostore.service.FileService - getting resource file ...
19:31:28.085 INFO  c.h.Electrostore.service.FileService - found resource file with name ...java.io.FileInputStream@4275b74f
19:57:28.183 WARN  com.zaxxer.hikari.pool.HikariPool - HikariPool-1 - Thread starvation or clock leap detected (housekeeper delta=3m22s512ms646µs).
20:09:18.841 WARN  com.zaxxer.hikari.pool.HikariPool - HikariPool-1 - Thread starvation or clock leap detected (housekeeper delta=3m20s506ms328µs).
23:32:43.596 INFO  o.s.o.j.LocalContainerEntityManagerFactoryBean - Closing JPA EntityManagerFactory for persistence unit 'default'
23:32:43.685 INFO  com.zaxxer.hikari.HikariDataSource - HikariPool-1 - Shutdown initiated...
23:32:43.716 INFO  com.zaxxer.hikari.HikariDataSource - HikariPool-1 - Shutdown completed.
